\BOOKMARK [0][-]{chapter.1}{Introduction}{}% 1
\BOOKMARK [1][-]{section.1.1}{Aim}{chapter.1}% 2
\BOOKMARK [1][-]{section.1.2}{Technologies Used}{chapter.1}% 3
\BOOKMARK [0][-]{chapter.2}{Named Entity Recognition}{}% 4
\BOOKMARK [1][-]{section.2.1}{Introduction}{chapter.2}% 5
\BOOKMARK [1][-]{section.2.2}{Named Entity Recognition as Tagging}{chapter.2}% 6
\BOOKMARK [1][-]{section.2.3}{Named Entity Recognition with PoS tagging \046 Chunking}{chapter.2}% 7
\BOOKMARK [2][-]{subsection.2.3.1}{PoS Tagging}{section.2.3}% 8
\BOOKMARK [2][-]{subsection.2.3.2}{Named Entity Chunking}{section.2.3}% 9
\BOOKMARK [0][-]{chapter.3}{Relation Extraction}{}% 10
\BOOKMARK [1][-]{section.3.1}{How to extract relations ?}{chapter.3}% 11
\BOOKMARK [2][-]{subsection.3.1.1}{procedure}{section.3.1}% 12
\BOOKMARK [2][-]{subsection.3.1.2}{Positives of Hand-written rules}{section.3.1}% 13
\BOOKMARK [2][-]{subsection.3.1.3}{Negatives of Handiwritten rules}{section.3.1}% 14
\BOOKMARK [0][-]{chapter.4}{Observations and Results}{}% 15
\BOOKMARK [1][-]{section.4.1}{Observations}{chapter.4}% 16
\BOOKMARK [1][-]{section.4.2}{Results}{chapter.4}% 17
\BOOKMARK [0][-]{chapter.5}{Conclusion and Future Work}{}% 18
\BOOKMARK [1][-]{section.5.1}{Conclusion}{chapter.5}% 19
\BOOKMARK [1][-]{section.5.2}{Future Work}{chapter.5}% 20
